Connecting to database specified by database.yml


Started GET "/" for 127.0.0.1 at 2013-12-12 14:37:21 -0800
Processing by HomeController#index as HTML
  Rendered home/index.html.erb within layouts/application (3.6ms)
Compiled bootstrap.css  (1ms)  (pid 880)
Compiled home.css  (136ms)  (pid 880)
Compiled magnific-popup.css  (0ms)  (pid 880)
Compiled application.css  (170ms)  (pid 880)
Compiled jquery.js  (3ms)  (pid 880)
Compiled jquery_ujs.js  (0ms)  (pid 880)
Compiled bootstrap.js  (0ms)  (pid 880)
Compiled home.js  (169ms)  (pid 880)
Compiled jquery.magnific-popup.js  (0ms)  (pid 880)
Compiled jquery.validate.min.js  (0ms)  (pid 880)
Compiled share.js  (0ms)  (pid 880)
Compiled application.js  (388ms)  (pid 880)
Completed 500 Internal Server Error in 829ms

ActionView::Template::Error (Could not find table 'invitations'):
    138: <div id="test-popup" class="white-popup mfp-hide">
    139: 	<div id="row" class="row">
    140: 		<div style="float:left;padding-left:15px;padding-right:5px;padding-top: 15px;" >
    141: 		 	  <%= form_for Invitation.new ,:remote=>true   do |f| %>
    142: 			  <fieldset>
    143: 			  <legend>All fields are required</legend>
    144: 			    <label >Your Name</label></br>
  app/views/layouts/application.html.erb:141:in `new'
  app/views/layouts/application.html.erb:141:in `_app_views_layouts_application_html_erb__3281311849086618674_2176484240'


  Rendered /Users/tsubomi_/.rvm/gems/ruby-1.9.3-p194/gems/actionpack-3.2.13/lib/action_dispatch/middleware/templates/rescues/_trace.erb (1.9ms)
  Rendered /Users/tsubomi_/.rvm/gems/ruby-1.9.3-p194/gems/actionpack-3.2.13/lib/action_dispatch/middleware/templates/rescues/_request_and_response.erb (2.1ms)
  Rendered /Users/tsubomi_/.rvm/gems/ruby-1.9.3-p194/gems/actionpack-3.2.13/lib/action_dispatch/middleware/templates/rescues/template_error.erb within rescues/layout (17.1ms)
Connecting to database specified by database.yml
  [1m[36m (0.2ms)[0m  [1mselect sqlite_version(*)[0m
  [1m[35m (1.6ms)[0m  CREATE TABLE "schema_migrations" ("version" varchar(255) NOT NULL) 
  [1m[36m (4.1ms)[0m  [1mCREATE UNIQUE INDEX "unique_schema_migrations" ON "schema_migrations" ("version")[0m
  [1m[35m (0.1ms)[0m  SELECT "schema_migrations"."version" FROM "schema_migrations" 
Migrating to DeviseCreateUsers (20131209064806)
  [1m[36m (0.0ms)[0m  [1mbegin transaction[0m
  [1m[35m (0.7ms)[0m  CREATE TABLE "users" ("id" INTEGER PRIMARY KEY AUTOINCREMENT NOT NULL, "email" varchar(255) DEFAULT '' NOT NULL, "encrypted_password" varchar(255) DEFAULT '' NOT NULL, "name" varchar(255) DEFAULT '', "phone" varchar(255) DEFAULT '', "reset_password_token" varchar(255), "reset_password_sent_at" datetime, "remember_created_at" datetime, "sign_in_count" integer DEFAULT 0, "current_sign_in_at" datetime, "last_sign_in_at" datetime, "current_sign_in_ip" varchar(255), "last_sign_in_ip" varchar(255), "created_at" datetime NOT NULL, "updated_at" datetime NOT NULL) 
  [1m[36m (0.5ms)[0m  [1mCREATE UNIQUE INDEX "index_users_on_email" ON "users" ("email")[0m
  [1m[35m (0.2ms)[0m  CREATE UNIQUE INDEX "index_users_on_reset_password_token" ON "users" ("reset_password_token")
  [1m[36m (0.2ms)[0m  [1mINSERT INTO "schema_migrations" ("version") VALUES ('20131209064806')[0m
  [1m[35m (2.7ms)[0m  commit transaction
Migrating to CreateInvitations (20131210094139)
  [1m[36m (0.1ms)[0m  [1mbegin transaction[0m
  [1m[35m (0.5ms)[0m  CREATE TABLE "invitations" ("id" INTEGER PRIMARY KEY AUTOINCREMENT NOT NULL, "sender" varchar(255), "sender_email" varchar(255), "receiver" varchar(255), "receiver_email" varchar(255), "created_at" datetime NOT NULL, "updated_at" datetime NOT NULL) 
  [1m[36m (0.2ms)[0m  [1mINSERT INTO "schema_migrations" ("version") VALUES ('20131210094139')[0m
  [1m[35m (1.5ms)[0m  commit transaction
  [1m[36m (0.1ms)[0m  [1mSELECT "schema_migrations"."version" FROM "schema_migrations" [0m


Started GET "/" for 127.0.0.1 at 2013-12-12 14:38:15 -0800
Processing by HomeController#index as HTML
  Rendered home/index.html.erb within layouts/application (0.1ms)
Completed 200 OK in 67ms (Views: 65.7ms | ActiveRecord: 0.7ms)


Started GET "/assets/bootstrap.css?body=1" for 127.0.0.1 at 2013-12-12 14:38:16 -0800
Served asset /bootstrap.css - 304 Not Modified (83ms)


Started GET "/assets/application.css?body=1" for 127.0.0.1 at 2013-12-12 14:38:16 -0800
Served asset /application.css - 304 Not Modified (111ms)


Started GET "/assets/jquery.js?body=1" for 127.0.0.1 at 2013-12-12 14:38:17 -0800
Served asset /jquery.js - 304 Not Modified (153ms)


Started GET "/assets/home.js?body=1" for 127.0.0.1 at 2013-12-12 14:38:17 -0800
Served asset /home.js - 304 Not Modified (24ms)


Started GET "/assets/magnific-popup.css?body=1" for 127.0.0.1 at 2013-12-12 14:38:17 -0800
Served asset /magnific-popup.css - 304 Not Modified (2ms)


Started GET "/assets/jquery.magnific-popup.js?body=1" for 127.0.0.1 at 2013-12-12 14:38:17 -0800
Served asset /jquery.magnific-popup.js - 304 Not Modified (89ms)


Started GET "/assets/home.css?body=1" for 127.0.0.1 at 2013-12-12 14:38:17 -0800
Served asset /home.css - 304 Not Modified (2ms)


Started GET "/assets/bootstrap.js?body=1" for 127.0.0.1 at 2013-12-12 14:38:17 -0800
Served asset /bootstrap.js - 304 Not Modified (46ms)


Started GET "/assets/jquery_ujs.js?body=1" for 127.0.0.1 at 2013-12-12 14:38:17 -0800
Served asset /jquery_ujs.js - 304 Not Modified (38ms)


Started GET "/assets/jquery.validate.min.js?body=1" for 127.0.0.1 at 2013-12-12 14:38:17 -0800
Served asset /jquery.validate.min.js - 304 Not Modified (43ms)


Started GET "/assets/application.js?body=1" for 127.0.0.1 at 2013-12-12 14:38:17 -0800
Served asset /application.js - 304 Not Modified (14ms)


Started GET "/assets/SC_finalVectorImage%20dateless%20copy.jpg" for 127.0.0.1 at 2013-12-12 14:38:17 -0800
Served asset /SC_finalVectorImage%20dateless%20copy.jpg - 304 Not Modified (67ms)


Started GET "/assets/team_shoreline.jpg" for 127.0.0.1 at 2013-12-12 14:38:18 -0800
Served asset /team_shoreline.jpg - 304 Not Modified (95ms)


Started GET "/assets/google.png" for 127.0.0.1 at 2013-12-12 14:38:18 -0800
Served asset /google.png - 304 Not Modified (176ms)


Started GET "/assets/email.png" for 127.0.0.1 at 2013-12-12 14:38:18 -0800
Served asset /email.png - 304 Not Modified (59ms)


Started GET "/assets/flyer_email(new).jpg" for 127.0.0.1 at 2013-12-12 14:38:18 -0800
Served asset /flyer_email(new).jpg - 304 Not Modified (110ms)


Started GET "/assets/facebook.png" for 127.0.0.1 at 2013-12-12 14:38:18 -0800
Served asset /facebook.png - 304 Not Modified (111ms)


Started GET "/assets/twitter.png" for 127.0.0.1 at 2013-12-12 14:38:18 -0800
Served asset /twitter.png - 304 Not Modified (22ms)


Started GET "/assets/beach-wallpaper-183-hd.jpg" for 127.0.0.1 at 2013-12-12 14:38:18 -0800
Served asset /beach-wallpaper-183-hd.jpg - 304 Not Modified (80ms)


Started GET "/assets/3.jpg" for 127.0.0.1 at 2013-12-12 14:38:18 -0800
Served asset /3.jpg - 304 Not Modified (75ms)


Started GET "/assets/Soccer-Ball-icon.png" for 127.0.0.1 at 2013-12-12 14:38:19 -0800
Served asset /Soccer-Ball-icon.png - 304 Not Modified (31ms)


Started GET "/" for 127.0.0.1 at 2013-12-12 14:38:51 -0800
Processing by HomeController#index as HTML
  Rendered home/index.html.erb within layouts/application (0.1ms)
Completed 200 OK in 37ms (Views: 37.2ms | ActiveRecord: 0.0ms)


Started GET "/assets/application.css?body=1" for 127.0.0.1 at 2013-12-12 14:38:51 -0800
Served asset /application.css - 304 Not Modified (0ms)


Started GET "/assets/bootstrap.css?body=1" for 127.0.0.1 at 2013-12-12 14:38:51 -0800
Served asset /bootstrap.css - 304 Not Modified (0ms)


Started GET "/assets/jquery.js?body=1" for 127.0.0.1 at 2013-12-12 14:38:51 -0800
Served asset /jquery.js - 304 Not Modified (0ms)


Started GET "/assets/home.css?body=1" for 127.0.0.1 at 2013-12-12 14:38:51 -0800
Served asset /home.css - 304 Not Modified (0ms)


Started GET "/assets/jquery_ujs.js?body=1" for 127.0.0.1 at 2013-12-12 14:38:51 -0800
Served asset /jquery_ujs.js - 304 Not Modified (0ms)


Started GET "/assets/magnific-popup.css?body=1" for 127.0.0.1 at 2013-12-12 14:38:51 -0800
Served asset /magnific-popup.css - 304 Not Modified (0ms)


Started GET "/assets/jquery.magnific-popup.js?body=1" for 127.0.0.1 at 2013-12-12 14:38:51 -0800
Served asset /jquery.magnific-popup.js - 304 Not Modified (0ms)


Started GET "/assets/bootstrap.js?body=1" for 127.0.0.1 at 2013-12-12 14:38:51 -0800
Served asset /bootstrap.js - 304 Not Modified (0ms)


Started GET "/assets/home.js?body=1" for 127.0.0.1 at 2013-12-12 14:38:51 -0800
Served asset /home.js - 304 Not Modified (0ms)


Started GET "/assets/application.js?body=1" for 127.0.0.1 at 2013-12-12 14:38:51 -0800
Served asset /application.js - 304 Not Modified (0ms)


Started GET "/assets/jquery.validate.min.js?body=1" for 127.0.0.1 at 2013-12-12 14:38:51 -0800
Served asset /jquery.validate.min.js - 304 Not Modified (0ms)


Started GET "/assets/SC_finalVectorImage%20dateless%20copy.jpg" for 127.0.0.1 at 2013-12-12 14:38:51 -0800
Served asset /SC_finalVectorImage%20dateless%20copy.jpg - 304 Not Modified (0ms)


Started GET "/assets/team_shoreline.jpg" for 127.0.0.1 at 2013-12-12 14:38:51 -0800
Served asset /team_shoreline.jpg - 304 Not Modified (0ms)


Started GET "/assets/facebook.png" for 127.0.0.1 at 2013-12-12 14:38:51 -0800
Served asset /facebook.png - 304 Not Modified (0ms)


Started GET "/assets/google.png" for 127.0.0.1 at 2013-12-12 14:38:51 -0800
Served asset /google.png - 304 Not Modified (0ms)


Started GET "/assets/twitter.png" for 127.0.0.1 at 2013-12-12 14:38:51 -0800
Served asset /twitter.png - 304 Not Modified (0ms)


Started GET "/assets/email.png" for 127.0.0.1 at 2013-12-12 14:38:51 -0800
Served asset /email.png - 304 Not Modified (0ms)


Started GET "/assets/flyer_email(new).jpg" for 127.0.0.1 at 2013-12-12 14:38:51 -0800
Served asset /flyer_email(new).jpg - 304 Not Modified (0ms)


Started GET "/assets/beach-wallpaper-183-hd.jpg" for 127.0.0.1 at 2013-12-12 14:38:52 -0800
Served asset /beach-wallpaper-183-hd.jpg - 304 Not Modified (0ms)


Started GET "/assets/3.jpg" for 127.0.0.1 at 2013-12-12 14:38:52 -0800
Served asset /3.jpg - 304 Not Modified (0ms)


Started GET "/assets/Soccer-Ball-icon.png" for 127.0.0.1 at 2013-12-12 14:38:52 -0800
Served asset /Soccer-Ball-icon.png - 304 Not Modified (0ms)
